<?xml version="1.0" encoding="utf-8"?><testsuites><testsuite errors="0" failures="0" hostname="HP" name="pytest" skipped="0" tests="2" time="37.207" timestamp="2020-05-19T18:43:46.459837"><testcase classname="PyTest_2.test_file_11.Test_Testing2" file="PyTest_2\test_file_11.py" line="24" name="test_method_1" time="16.861"></testcase><testcase classname="PyTest_2.test_file_11.Test_Testing2" file="PyTest_2\test_file_11.py" line="28" name="test_method_2" time="18.647"></testcase></testsuite></testsuites>